info it worked if it ends with ok
verbose cli [ 'c:\\Program Files (x86)\\nodejs\\node.exe',
verbose cli   'c:\\Program Files (x86)\\nodejs\\node_modules\\npm\\bin\\npm-cli.js',
verbose cli   'install',
verbose cli   'zlib_bindings' ]
info using npm@1.1.24
info using node@v0.6.19
verbose config file C:\Users\IATBFOREVER\.npmrc
verbose config file c:\Program Files (x86)\nodejs\etc\npmrc
verbose config file c:\Program Files (x86)\nodejs\node_modules\npm\npmrc
verbose caching d:\nodejs\code\Node.js 开发指南sources\sources\chap6\sec3\microblog\package.json
verbose loadDefaults microblog@0.0.1
verbose caching d:\nodejs\code\Node.js 开发指南sources\sources\chap6\sec3\microblog\node_modules\connect-mongo\package.json
verbose caching d:\nodejs\code\Node.js 开发指南sources\sources\chap6\sec3\microblog\node_modules\express\package.json
verbose caching d:\nodejs\code\Node.js 开发指南sources\sources\chap6\sec3\microblog\node_modules\ejs\package.json
verbose caching d:\nodejs\code\Node.js 开发指南sources\sources\chap6\sec3\microblog\node_modules\mongodb\package.json
verbose has wscript [ undefined,
verbose has wscript   { file: 'd:\\nodejs\\code\\Node.js 开发指南sources\\sources\\chap6\\sec3\\microblog\\node_modules\\zlib\\package.json',
verbose has wscript     gypfile: false,
verbose has wscript     contributors: false,
verbose has wscript     serverjs: false,
verbose has wscript     wscript: true } ]
verbose caching d:\nodejs\code\Node.js 开发指南sources\sources\chap6\sec3\microblog\node_modules\zlib\package.json
verbose loadDefaults zlib@1.0.5
verbose from cache d:\nodejs\code\Node.js 开发指南sources\sources\chap6\sec3\microblog\package.json
verbose readDependencies: using package.json deps
verbose cache add [ 'zlib_bindings', null ]
silly cache add: name, spec, args [ undefined, 'zlib_bindings', [ 'zlib_bindings', null ] ]
verbose parsed url { pathname: 'zlib_bindings',
verbose parsed url   path: 'zlib_bindings',
verbose parsed url   href: 'zlib_bindings' }
verbose addNamed [ 'zlib_bindings', '' ]
verbose addNamed [ null, '' ]
silly name, range, hasData [ 'zlib_bindings', '', false ]
verbose raw, before any munging zlib_bindings
verbose url resolving [ 'https://registry.npmjs.org/', './zlib_bindings' ]
verbose url resolved https://registry.npmjs.org/zlib_bindings
http GET https://registry.npmjs.org/zlib_bindings
http 404 https://registry.npmjs.org/zlib_bindings
silly get cb [ 404,
silly get cb   { server: 'CouchDB/1.2.0 (Erlang OTP/R15B)',
silly get cb     date: 'Mon, 26 Nov 2012 13:19:06 GMT',
silly get cb     'content-type': 'application/json',
silly get cb     'content-length': '52',
silly get cb     'cache-control': 'must-revalidate' } ]
ERR! 404 'zlib_bindings' is not in the npm registry.
ERR! 404 You should bug the author to publish it
ERR! 404 Note that you can also install from a
ERR! 404 tarball, folder, or http url, or git url.
ERR! 
ERR! System Windows_NT 6.1.7600
ERR! command "c:\\Program Files (x86)\\nodejs\\node.exe" "c:\\Program Files (x86)\\nodejs\\node_modules\\npm\\bin\\npm-cli.js" "install" "zlib_bindings"
ERR! cwd d:\nodejs\code\Node.js 开发指南sources\sources\chap6\sec3\microblog
ERR! node -v v0.6.19
ERR! npm -v 1.1.24
ERR! code E404
ERR! message 404 Not Found: zlib_bindings
ERR! errno {}
verbose exit [ 1, true ]
